<?xml version="1.0" encoding="UTF-8"?>
<testsuite name="org.example.AppTest" tests="2" skipped="0" failures="0" errors="0" timestamp="2026-02-28T22:14:11.560Z" hostname="DESKTOP-3B5HJ0H" time="0.017">
  <properties/>
  <testcase name="testInvalidGradeThrowsException()" classname="org.example.AppTest" time="0.009"/>
  <testcase name="Grade 70 should return true for passing" classname="org.example.AppTest" time="0.001"/>
  <system-out><![CDATA[]]></system-out>
  <system-err><![CDATA[]]></system-err>
</testsuite>
